This file contains any messages produced by compilers while
running configure, to aid debugging if configure makes a mistake.

It was created by libzen configure 0.4.41, which was
generated by GNU Autoconf 2.71.  Invocation command line was

  $ ./configure --host=wasm32-unknown-unknown --disable-unicode --enable-static --disable-shared --disable-dll 'CC=clang --target=wasm32-unknown-unknown' 'CXX=clang++ --target=wasm32-unknown-unknown' 'CFLAGS= -Os -fno-exceptions -fno-rtti' 'CXXFLAGS= -Os -fno-exceptions -fno-rtti -std=c++17'

## --------- ##
## Platform. ##
## --------- ##

hostname = MacBook-Pro.local
uname -m = arm64
uname -r = 24.5.0
uname -s = Darwin
uname -v = Darwin Kernel Version 24.5.0: Tue Apr 22 19:53:27 PDT 2025; root:xnu-11417.121.6~2/RELEASE_ARM64_T6041

/usr/bin/uname -p = arm
/bin/uname -X     = unknown

/bin/arch              = unknown
/usr/bin/arch -k       = unknown
/usr/convex/getsysinfo = unknown
/usr/bin/hostinfo      = Mach kernel version:
	 Darwin Kernel Version 24.5.0: Tue Apr 22 19:53:27 PDT 2025; root:xnu-11417.121.6~2/RELEASE_ARM64_T6041
Kernel configured for up to 16 processors.
16 processors are physically available.
16 processors are logically available.
Processor type: arm64e (ARM64E)
Processors active: 0 1 2 3 4 5 6 7 8 9 10 11 12 13 14 15
Primary memory available: 64.00 gigabytes
Default processor set: 845 tasks, 5120 threads, 16 processors
Load average: 12.03, Mach factor: 5.14
/bin/machine           = unknown
/usr/bin/oslevel       = unknown
/bin/universe          = unknown

PATH: /Users/Shared/sequence-repos/gstreamer/builddir/subprojects/pcre2-10.44/
PATH: /Users/Shared/sequence-repos/gstreamer/builddir/subprojects/orc/tools/
PATH: /Users/Shared/sequence-repos/gstreamer/builddir/subprojects/libnice/stun/tools/
PATH: /Users/Shared/sequence-repos/gstreamer/builddir/subprojects/json-glib-1.10.6/json-glib/
PATH: /Users/Shared/sequence-repos/gstreamer/builddir/subprojects/gstreamer/tests/validate/
PATH: /Users/Shared/sequence-repos/gstreamer/builddir/subprojects/gst-plugins-bad/tools/
PATH: /Users/Shared/sequence-repos/gstreamer/builddir/subprojects/gst-plugins-bad/tests/examples/
PATH: /Users/Shared/sequence-repos/gstreamer/builddir/subprojects/gst-editing-services/tools/
PATH: /Users/Shared/sequence-repos/gstreamer/builddir/subprojects/gst-devtools/dots-viewer/
PATH: /Users/Shared/sequence-repos/gstreamer/prefix/bin/
PATH: /Users/Shared/sequence-repos/gstreamer/builddir/subprojects/gst-plugins-base/tools/
PATH: /Users/Shared/sequence-repos/gstreamer/builddir/subprojects/gstreamer/docs/
PATH: /Users/Shared/sequence-repos/gstreamer/builddir/subprojects/gstreamer/tools/
PATH: /Users/Shared/sequence-repos/gstreamer/meson/
PATH: /Users/Shared/sequence-repos/gstreamer/builddir/subprojects/gst-devtools/validate/tools/
PATH: /Users/adambrowne/.local/bin/
PATH: /opt/homebrew/share/google-cloud-sdk/bin/
PATH: /Users/adambrowne/.nvm/versions/node/v22.17.0/bin/
PATH: /opt/homebrew/bin/
PATH: /opt/homebrew/sbin/
PATH: /usr/local/bin/
PATH: /System/Cryptexes/App/usr/bin/
PATH: /usr/bin/
PATH: /bin/
PATH: /usr/sbin/
PATH: /sbin/
PATH: /var/run/com.apple.security.cryptexd/codex.system/bootstrap/usr/local/bin/
PATH: /var/run/com.apple.security.cryptexd/codex.system/bootstrap/usr/bin/
PATH: /var/run/com.apple.security.cryptexd/codex.system/bootstrap/usr/appleinternal/bin/
PATH: /Users/adambrowne/.local/bin/
PATH: /opt/homebrew/share/google-cloud-sdk/bin/
PATH: /Users/adambrowne/Library/pnpm/
PATH: /Users/adambrowne/.nvm/versions/node/v22.17.0/bin/
PATH: /Users/adambrowne/.cargo/bin/
PATH: /Users/adambrowne/.cursor/extensions/ms-python.debugpy-2025.8.0-darwin-arm64/bundled/scripts/noConfigScripts/
PATH: /Users/adambrowne/.local/bin/
PATH: /Users/adambrowne/.local/bin/


## ----------- ##
## Core tests. ##
## ----------- ##

configure:2867: looking for aux files: ltmain.sh compile missing install-sh config.guess config.sub
configure:2880:  trying ./
configure:2909:   ./ltmain.sh found
configure:2909:   ./compile found
configure:2909:   ./missing found
configure:2891:   ./install-sh found
configure:2909:   ./config.guess found
configure:2909:   ./config.sub found
configure:3030: checking build system type
configure:3045: result: aarch64-apple-darwin24.5.0
configure:3082: checking for a BSD-compatible install
configure:3155: result: /usr/bin/install -c
configure:3166: checking whether build environment is sane
configure:3221: result: yes
configure:3277: checking for wasm32-unknown-unknown-strip
configure:3312: result: no
configure:3322: checking for strip
configure:3343: found /usr/bin/strip
configure:3354: result: strip
configure:3380: checking for a race-free mkdir -p
configure:3424: result: ./install-sh -c -d
configure:3431: checking for gawk
configure:3452: found /opt/homebrew/bin/gawk
configure:3463: result: gawk
configure:3474: checking whether make sets $(MAKE)
configure:3497: result: yes
configure:3527: checking whether make supports nested variables
configure:3545: result: yes
configure:3699: checking for wasm32-unknown-unknown-gcc
configure:3731: result: clang --target=wasm32-unknown-unknown
configure:4129: checking for C compiler version
configure:4138: clang --target=wasm32-unknown-unknown --version >&5
Apple clang version 17.0.0 (clang-1700.0.13.5)
Target: wasm32-unknown-unknown
Thread model: posix
InstalledDir: /Applications/Xcode.app/Contents/Developer/Toolchains/XcodeDefault.xctoolchain/usr/bin
configure:4149: $? = 0
configure:4138: clang --target=wasm32-unknown-unknown -v >&5
Apple clang version 17.0.0 (clang-1700.0.13.5)
Target: wasm32-unknown-unknown
Thread model: posix
InstalledDir: /Applications/Xcode.app/Contents/Developer/Toolchains/XcodeDefault.xctoolchain/usr/bin
configure:4149: $? = 0
configure:4138: clang --target=wasm32-unknown-unknown -V >&5
clang: error: argument to '-V' is missing (expected 1 value)
clang: error: no input files
configure:4149: $? = 1
configure:4138: clang --target=wasm32-unknown-unknown -qversion >&5
clang: error: unknown argument '-qversion'; did you mean '--version'?
clang: error: no input files
configure:4149: $? = 1
configure:4138: clang --target=wasm32-unknown-unknown -version >&5
clang: error: unknown argument '-version'; did you mean '--version'?
clang: error: no input files
configure:4149: $? = 1
configure:4169: checking whether the C compiler works
configure:4191: clang --target=wasm32-unknown-unknown  -Os -fno-exceptions -fno-rtti   conftest.c  >&5
error: unable to create target: 'No available targets are compatible with triple "wasm32-unknown-unknown"'
1 error generated.
configure:4195: $? = 1
configure:4235: result: no
configure: failed program was:
| /* confdefs.h */
| #define PACKAGE_NAME "libzen"
| #define PACKAGE_TARNAME "libzen"
| #define PACKAGE_VERSION "0.4.41"
| #define PACKAGE_STRING "libzen 0.4.41"
| #define PACKAGE_BUGREPORT ""
| #define PACKAGE_URL ""
| #define PACKAGE "libzen"
| #define VERSION "0.4.41"
| /* end confdefs.h.  */
| 
| int
| main (void)
| {
| 
|   ;
|   return 0;
| }
configure:4240: error: in `/Users/adambrowne/Desktop/mediainfo-rust/mediainfo_src/ZenLib/Project/GNU/Library':
configure:4242: error: C compiler cannot create executables
See `config.log' for more details

## ---------------- ##
## Cache variables. ##
## ---------------- ##

ac_cv_build=aarch64-apple-darwin24.5.0
ac_cv_env_CCC_set=
ac_cv_env_CCC_value=
ac_cv_env_CC_set=set
ac_cv_env_CC_value='clang --target=wasm32-unknown-unknown'
ac_cv_env_CFLAGS_set=set
ac_cv_env_CFLAGS_value=' -Os -fno-exceptions -fno-rtti'
ac_cv_env_CPPFLAGS_set=
ac_cv_env_CPPFLAGS_value=
ac_cv_env_CPP_set=
ac_cv_env_CPP_value=
ac_cv_env_CXXCPP_set=
ac_cv_env_CXXCPP_value=
ac_cv_env_CXXFLAGS_set=set
ac_cv_env_CXXFLAGS_value=' -Os -fno-exceptions -fno-rtti -std=c++17'
ac_cv_env_CXX_set=set
ac_cv_env_CXX_value='clang++ --target=wasm32-unknown-unknown'
ac_cv_env_LDFLAGS_set=
ac_cv_env_LDFLAGS_value=
ac_cv_env_LIBS_set=
ac_cv_env_LIBS_value=
ac_cv_env_LT_SYS_LIBRARY_PATH_set=
ac_cv_env_LT_SYS_LIBRARY_PATH_value=
ac_cv_env_build_alias_set=
ac_cv_env_build_alias_value=
ac_cv_env_host_alias_set=set
ac_cv_env_host_alias_value=wasm32-unknown-unknown
ac_cv_env_target_alias_set=
ac_cv_env_target_alias_value=
ac_cv_path_install='/usr/bin/install -c'
ac_cv_prog_AWK=gawk
ac_cv_prog_CC='clang --target=wasm32-unknown-unknown'
ac_cv_prog_ac_ct_STRIP=strip
ac_cv_prog_make_make_set=yes
am_cv_make_support_nested_variables=yes

## ----------------- ##
## Output variables. ##
## ----------------- ##

ACLOCAL='${SHELL} '\''/Users/adambrowne/Desktop/mediainfo-rust/mediainfo_src/ZenLib/Project/GNU/Library/missing'\'' aclocal-1.16'
AMDEPBACKSLASH=''
AMDEP_FALSE=''
AMDEP_TRUE=''
AMTAR='$${TAR-tar}'
AM_BACKSLASH='\'
AM_DEFAULT_V='$(AM_DEFAULT_VERBOSITY)'
AM_DEFAULT_VERBOSITY='1'
AM_V='$(V)'
AR=''
AS=''
AUTOCONF='${SHELL} '\''/Users/adambrowne/Desktop/mediainfo-rust/mediainfo_src/ZenLib/Project/GNU/Library/missing'\'' autoconf'
AUTOHEADER='${SHELL} '\''/Users/adambrowne/Desktop/mediainfo-rust/mediainfo_src/ZenLib/Project/GNU/Library/missing'\'' autoheader'
AUTOMAKE='${SHELL} '\''/Users/adambrowne/Desktop/mediainfo-rust/mediainfo_src/ZenLib/Project/GNU/Library/missing'\'' automake-1.16'
AWK='gawk'
CC='clang --target=wasm32-unknown-unknown'
CCDEPMODE=''
CFLAGS=' -Os -fno-exceptions -fno-rtti'
CPP=''
CPPFLAGS=''
CSCOPE='cscope'
CTAGS='ctags'
CXX='clang++ --target=wasm32-unknown-unknown'
CXXCPP=''
CXXDEPMODE=''
CXXFLAGS=' -Os -fno-exceptions -fno-rtti -std=c++17'
CYGPATH_W='echo'
DEFS=''
DEPDIR=''
DLLTOOL=''
DSYMUTIL=''
DUMPBIN=''
ECHO_C='\c'
ECHO_N=''
ECHO_T=''
EGREP=''
ETAGS='etags'
EXEEXT=''
FGREP=''
GREP=''
INSTALL_DATA='${INSTALL} -m 644'
INSTALL_PROGRAM='${INSTALL}'
INSTALL_SCRIPT='${INSTALL}'
INSTALL_STRIP_PROGRAM='$(install_sh) -c -s'
LD=''
LDFLAGS=''
LIBOBJS=''
LIBS=''
LIBTOOL=''
LIPO=''
LN_S=''
LTLIBOBJS=''
LT_SYS_LIBRARY_PATH=''
MAKEINFO='${SHELL} '\''/Users/adambrowne/Desktop/mediainfo-rust/mediainfo_src/ZenLib/Project/GNU/Library/missing'\'' makeinfo'
MANIFEST_TOOL=''
MKDIR_P='./install-sh -c -d'
NM=''
NMEDIT=''
OBJDUMP=''
OBJEXT=''
OTOOL64=''
OTOOL=''
PACKAGE='libzen'
PACKAGE_BUGREPORT=''
PACKAGE_NAME='libzen'
PACKAGE_STRING='libzen 0.4.41'
PACKAGE_TARNAME='libzen'
PACKAGE_URL=''
PACKAGE_VERSION='0.4.41'
PATH_SEPARATOR=':'
RANLIB=''
SED=''
SET_MAKE=''
SHELL='/bin/sh'
STRIP='strip'
VERSION='0.4.41'
ZenLib_CXXFLAGS=''
ZenLib_LIBS=''
ZenLib_LIBS_Static=''
ZenLib_LargeFiles=''
ZenLib_Unicode=''
ZenLib_wstring_missing=''
ac_ct_AR=''
ac_ct_CC=''
ac_ct_CXX=''
ac_ct_DUMPBIN=''
am__EXEEXT_FALSE=''
am__EXEEXT_TRUE=''
am__fastdepCC_FALSE=''
am__fastdepCC_TRUE=''
am__fastdepCXX_FALSE=''
am__fastdepCXX_TRUE=''
am__include=''
am__isrc=''
am__leading_dot='.'
am__nodep=''
am__quote=''
am__tar='$${TAR-tar} chof - "$$tardir"'
am__untar='$${TAR-tar} xf -'
bindir='${exec_prefix}/bin'
build='aarch64-apple-darwin24.5.0'
build_alias=''
build_cpu='aarch64'
build_os='darwin24.5.0'
build_vendor='apple'
datadir='${datarootdir}'
datarootdir='${prefix}/share'
docdir='${datarootdir}/doc/${PACKAGE_TARNAME}'
dvidir='${docdir}'
exec_prefix='NONE'
host='wasm32-unknown-unknown'
host_alias='wasm32-unknown-unknown'
host_cpu=''
host_os=''
host_vendor=''
htmldir='${docdir}'
includedir='${prefix}/include'
infodir='${datarootdir}/info'
install_sh='${SHELL} /Users/adambrowne/Desktop/mediainfo-rust/mediainfo_src/ZenLib/Project/GNU/Library/install-sh'
libdir='${exec_prefix}/lib'
libexecdir='${exec_prefix}/libexec'
localedir='${datarootdir}/locale'
localstatedir='${prefix}/var'
mandir='${datarootdir}/man'
mkdir_p='$(MKDIR_P)'
oldincludedir='/usr/include'
pdfdir='${docdir}'
prefix='NONE'
program_transform_name='s,x,x,'
psdir='${docdir}'
runstatedir='${localstatedir}/run'
sbindir='${exec_prefix}/sbin'
sharedstatedir='${prefix}/com'
sysconfdir='${prefix}/etc'
target_alias=''

## ----------- ##
## confdefs.h. ##
## ----------- ##

/* confdefs.h */
#define PACKAGE_NAME "libzen"
#define PACKAGE_TARNAME "libzen"
#define PACKAGE_VERSION "0.4.41"
#define PACKAGE_STRING "libzen 0.4.41"
#define PACKAGE_BUGREPORT ""
#define PACKAGE_URL ""
#define PACKAGE "libzen"
#define VERSION "0.4.41"

configure: exit 77
